0 info it worked if it ends with ok
1 verbose cli [ 'node', '/usr/local/bin/npm', 'install', '--save', 'bcrypt' ]
2 info using npm@1.3.17
3 info using node@v0.10.23
4 verbose readDependencies using package.json deps
5 verbose cache add [ 'bcrypt', null ]
6 verbose cache add name=undefined spec="bcrypt" args=["bcrypt",null]
7 verbose parsed url { protocol: null,
7 verbose parsed url   slashes: null,
7 verbose parsed url   auth: null,
7 verbose parsed url   host: null,
7 verbose parsed url   port: null,
7 verbose parsed url   hostname: null,
7 verbose parsed url   hash: null,
7 verbose parsed url   search: null,
7 verbose parsed url   query: null,
7 verbose parsed url   pathname: 'bcrypt',
7 verbose parsed url   path: 'bcrypt',
7 verbose parsed url   href: 'bcrypt' }
8 silly lockFile 51684124-bcrypt bcrypt
9 verbose lock bcrypt /Users/clayton/.npm/51684124-bcrypt.lock
10 silly lockFile 51684124-bcrypt bcrypt
11 silly lockFile 51684124-bcrypt bcrypt
12 verbose addNamed [ 'bcrypt', '' ]
13 verbose addNamed [ null, '*' ]
14 silly lockFile 1351601c-bcrypt bcrypt@
15 verbose lock bcrypt@ /Users/clayton/.npm/1351601c-bcrypt.lock
16 silly addNameRange { name: 'bcrypt', range: '*', hasData: false }
17 verbose url raw bcrypt
18 verbose url resolving [ 'https://registry.npmjs.org/', './bcrypt' ]
19 verbose url resolved https://registry.npmjs.org/bcrypt
20 info trying registry request attempt 1 at 20:05:27
21 verbose etag "AH6TQZXDZLENWUB44UQJE47VL"
22 http GET https://registry.npmjs.org/bcrypt
23 http 304 https://registry.npmjs.org/bcrypt
24 silly registry.get cb [ 304,
24 silly registry.get   { date: 'Tue, 18 Feb 2014 02:05:25 GMT',
24 silly registry.get     server: 'Apache',
24 silly registry.get     connection: 'Keep-Alive',
24 silly registry.get     'keep-alive': 'timeout=10, max=50',
24 silly registry.get     etag: '"AH6TQZXDZLENWUB44UQJE47VL"',
24 silly registry.get     'cache-control': 'max-age=1',
24 silly registry.get     vary: 'Accept' } ]
25 verbose etag bcrypt from cache
26 silly addNameRange number 2 { name: 'bcrypt', range: '*', hasData: true }
27 silly addNameRange versions [ 'bcrypt',
27 silly addNameRange   [ '0.1.2',
27 silly addNameRange     '0.2.0',
27 silly addNameRange     '0.2.1',
27 silly addNameRange     '0.1.3',
27 silly addNameRange     '0.2.2',
27 silly addNameRange     '0.2.3',
27 silly addNameRange     '0.2.4',
27 silly addNameRange     '0.3.0',
27 silly addNameRange     '0.3.1',
27 silly addNameRange     '0.3.2',
27 silly addNameRange     '0.4.0',
27 silly addNameRange     '0.4.1',
27 silly addNameRange     '0.5.0',
27 silly addNameRange     '0.6.0',
27 silly addNameRange     '0.7.0',
27 silly addNameRange     '0.7.1',
27 silly addNameRange     '0.7.2',
27 silly addNameRange     '0.7.3',
27 silly addNameRange     '0.7.4',
27 silly addNameRange     '0.7.5',
27 silly addNameRange     '0.7.6',
27 silly addNameRange     '0.7.7' ] ]
28 verbose addNamed [ 'bcrypt', '0.7.7' ]
29 verbose addNamed [ '0.7.7', '0.7.7' ]
30 silly lockFile ad2a9212-bcrypt-0-7-7 bcrypt@0.7.7
31 verbose lock bcrypt@0.7.7 /Users/clayton/.npm/ad2a9212-bcrypt-0-7-7.lock
32 silly lockFile ad2a9212-bcrypt-0-7-7 bcrypt@0.7.7
33 silly lockFile ad2a9212-bcrypt-0-7-7 bcrypt@0.7.7
34 silly lockFile 1351601c-bcrypt bcrypt@
35 silly lockFile 1351601c-bcrypt bcrypt@
36 silly resolved [ { name: 'bcrypt',
36 silly resolved     description: 'A bcrypt library for NodeJS.',
36 silly resolved     keywords:
36 silly resolved      [ 'bcrypt',
36 silly resolved        'password',
36 silly resolved        'auth',
36 silly resolved        'authentication',
36 silly resolved        'encryption',
36 silly resolved        'crypt',
36 silly resolved        'crypto' ],
36 silly resolved     main: './bcrypt',
36 silly resolved     version: '0.7.7',
36 silly resolved     author: { name: 'Nick Campbell', url: 'http://github.com/ncb000gt' },
36 silly resolved     engines: { node: '>= 0.6.0' },
36 silly resolved     repository:
36 silly resolved      { type: 'git',
36 silly resolved        url: 'http://github.com/ncb000gt/node.bcrypt.js.git' },
36 silly resolved     licenses: [ [Object] ],
36 silly resolved     bugs: { url: 'http://github.com/ncb000gt/node.bcrypt.js/issues' },
36 silly resolved     scripts:
36 silly resolved      { test: 'node-gyp configure build && nodeunit test',
36 silly resolved        install: 'node-gyp rebuild' },
36 silly resolved     dependencies: { bindings: '1.0.0' },
36 silly resolved     devDependencies: { nodeunit: '>=0.6.4' },
36 silly resolved     contributors:
36 silly resolved      [ [Object],
36 silly resolved        [Object],
36 silly resolved        [Object],
36 silly resolved        [Object],
36 silly resolved        [Object],
36 silly resolved        [Object],
36 silly resolved        [Object],
36 silly resolved        [Object],
36 silly resolved        [Object],
36 silly resolved        [Object],
36 silly resolved        [Object],
36 silly resolved        [Object],
36 silly resolved        [Object],
36 silly resolved        [Object] ],
36 silly resolved     gypfile: true,
36 silly resolved     readme: '# node.bcrypt.js\n\n[![Build Status](https://secure.travis-ci.org/ncb000gt/node.bcrypt.js.png)](http://travis-ci.org/#!/ncb000gt/node.bcrypt.js) \n\nLib to help you hash passwords.\n[bcrypt on wikipedia][bcryptwiki]\n\nCatalyst for this module: [How To Safely Store A Password][codahale]\n\n## If You Are Submitting Bugs/Issues\n\nBecause we can\'t magically know what you are doing to expose an issue, it is best if you provide a snippet of code. This snippet need not include your secret sauce, but it must replicate the issue you are describing. The issues that get closed without resolution tend to be the ones without code examples. Thanks.\n\n\n## Version Compatability\n\n<table>\n<tr>\n<td>Node Ver</td><td>Bcrypt Version</td>\n</tr>\n<tr>\n<td>&lt;= 0.4.x</td><td>&lt;= 0.4.x</td>\n</tr>\n<tr>\n<td>&gt;= 0.6.x</td><td>&gt;= 0.5.x</td>\n</tr>\n</table>\n\nWindows users should make sure to have at least node 0.8.5 installed and version >= 0.7.1 of this module.  \n`node-gyp` only works with stable/released versions of node. Since the `bcrypt` module uses `node-gyp` to build and install you\'ll need a stable version of node to use bcrypt. If you do not you\'ll likely see an error that starts with:\n\n    gyp ERR! stack Error: "pre" versions of node cannot be installed, use the --nodedir flag instead\n\n\n\n## Security Issues/Concerns\n\nAs should be the case with any security tool, this library should be scrutinized by anyone using it. If you find or suspect an issue with the code- please bring it to my attention and I\'ll spend some time trying to make sure that this tool is as secure as possible.\n\nTo make it easier for people using this tool to analyze what has been surveyed, here is a list of BCrypt related security issues/concerns as they\'ve come up.\n\n* An [issue with passwords][jtr] was found with a version of the Blowfish algorithm developed for John the Ripper. This is not present in the OpenBSD version and is thus not a problem for this module. HT [zooko][zooko].\n\n## Dependencies\n\n* NodeJS\n* OpenSSL (Development Libraries (header files) for compilation)\n * For Windows you\'ll need http://slproweb.com/products/Win32OpenSSL.html installed to the default location of `C:\\OpenSSL-Win32`\n  * When installing OpenSSL, you must tell it to put DLLs in `The Windows system directory` to avoid `The specified module could not be found.` errors.\n  * Please note that for this to build properly you\'ll need the Normal version of OpenSSL-Win<arch>, not the Light version. The reason for this is that we need to be able to compile the code using the header files that exist in the Normal version.\n  * For 64 bit use the 64 bit version and install to `C:\\OpenSSL-Win64`\n* `node-gyp`\n * Please check the dependencies for this tool at: https://github.com/TooTallNate/node-gyp/\n  * Windows users will need the options for c# and c++ installed with their visual studio instance.\n  * Python 2.x\n\n## Install via NPM\n```\nnpm install bcrypt\n```\n\n## Usage\n\n### async (recommended)\n\nTo hash a password:\n\n```javascript\nvar bcrypt = require(\'bcrypt\');\nbcrypt.genSalt(10, function(err, salt) {\n    bcrypt.hash("B4c0/\\/", salt, function(err, hash) {\n        // Store hash in your password DB.\n    });\n});\n```\n\nTo check a password:\n\n```javascript\n// Load hash from your password DB.\nbcrypt.compare("B4c0/\\/", hash, function(err, res) {\n    // res == true\n});\nbcrypt.compare("not_bacon", hash, function(err, res) {\n    // res = false\n});\n```\n\nAuto-gen a salt and hash:\n\n```javascript\nbcrypt.hash(\'bacon\', 8, function(err, hash) {\n});\n```\n\n\n### sync\n\nTo hash a password:\n\n```javascript\nvar bcrypt = require(\'bcrypt\');\nvar salt = bcrypt.genSaltSync(10);\nvar hash = bcrypt.hashSync("B4c0/\\/", salt);\n// Store hash in your password DB.\n```\n\nTo check a password:\n\n```javascript\n// Load hash from your password DB.\nbcrypt.compareSync("B4c0/\\/", hash); // true\nbcrypt.compareSync("not_bacon", hash); // false\n```\n\nAuto-gen a salt and hash:\n\n```javascript\nvar hash = bcrypt.hashSync(\'bacon\', 8);\n```\n\n## API\n\n`BCrypt.`\n\n  * `genSaltSync(rounds, seed_length)`\n    * `rounds` - [OPTIONAL] - the number of rounds to process the data for. (default - 10)\n    * `seed_length` - [OPTIONAL] - RAND_bytes wants a length. to make that a bit flexible, you can specify a seed_length. (default - 20)\n  * `genSalt(rounds, seed_length, cb)`\n    * `rounds` - [OPTIONAL] - the number of rounds to process the data for. (default - 10)\n    * `seed_length` - [OPTIONAL] - RAND_bytes wants a length. to make that a bit flexible, you can specify a seed_length. (default - 20)\n    * `cb` - [REQUIRED] - a callback to be fired once the salt has been generated. uses eio making it asynchronous.\n      * `err` - First parameter to the callback detailing any errors.\n      * `salt` - Second parameter to the callback providing the generated salt.\n  * `hashSync(data, salt)`\n    * `data` - [REQUIRED] - the data to be encrypted.\n    * `salt` - [REQUIRED] - the salt to be used in encryption.\n  * `hash(data, salt, cb)`\n    * `data` - [REQUIRED] - the data to be encrypted.\n    * `salt` - [REQUIRED] - the salt to be used to hash the password. if specified as a number then a salt will be generated and used (see examples).\n    * `cb` - [REQUIRED] - a callback to be fired once the data has been encrypted. uses eio making it asynchronous.\n      * `err` - First parameter to the callback detailing any errors.\n      * `encrypted` - Second parameter to the callback providing the encrypted form.\n  * `compareSync(data, encrypted)`\n    * `data` - [REQUIRED] - data to compare.\n    * `encrypted` - [REQUIRED] - data to be compared to.\n  * `compare(data, encrypted, cb)`\n    * `data` - [REQUIRED] - data to compare.\n    * `encrypted` - [REQUIRED] - data to be compared to.\n    * `cb` - [REQUIRED] - a callback to be fired once the data has been compared. uses eio making it asynchronous.\n      * `err` - First parameter to the callback detailing any errors.\n      * `same` - Second parameter to the callback providing whether the data and encrypted forms match [true | false].\n  * `getRounds(encrypted)` - return the number of rounds used to encrypt a given hash\n    * `encrypted` - [REQUIRED] - hash from which the number of rounds used should be extracted.\n\n\n## Hash Info\n\nThe characters that comprise the resultant hash are `./ABCDEFGHIJKLMNOPQRSTUVWXYZabcdefghijklmnopqrstuvwxyz0123456789$`.\n\n## Testing\n\nIf you create a pull request, tests better pass :)\n\n```\nnpm install\nnpm test\n```\n\n## Credits\n\nThe code for this comes from a few sources:\n\n* blowfish.cc - OpenBSD\n* bcrypt.cc - OpenBSD\n* bcrypt::gen_salt - [gen_salt inclusion to bcrypt][bcryptgs]\n* bcrypt_node.cc - me\n\n## Contributors\n\n* [Antonio Salazar Cardozo][shadowfiend] - Early MacOS X support (when we used libbsd)\n* [Ben Glow][pixelglow] - Fixes for thread safety with async calls\n* [Van Nguyen][thegoleffect] - Found a timing attack in the comparator\n* [NewITFarmer][newitfarmer] - Initial Cygwin support\n* [David Trejo][dtrejo] - packaging fixes\n* [Alfred Westerveld][alfredwesterveld] - packaging fixes\n* [Vincent Côté-Roy][vincentr] - Testing around concurrency issues\n* [Lloyd Hilaiel][lloyd] - Documentation fixes\n* [Roman Shtylman][shtylman] - Code refactoring, general rot reduction, compile options, better memory management with delete and new, and an upgrade to libuv over eio/ev.\n* [Vadim Graboys][vadimg] - Code changes to support 0.5.5+\n* [Ben Noordhuis][bnoordhuis] - Fixed a thread safety issue in nodejs that was perfectly mappable to this module.\n* [Nate Rajlich][tootallnate] - Bindings and build process.\n* [Sean McArthur][seanmonstar] - Windows Support\n* [Fanie Oosthuysen][weareu] - Windows Support\n\n## License\nUnless stated elsewhere, file headers or otherwise, the license as stated in the LICENSE file.\n\n[bcryptwiki]: http://en.wikipedia.org/wiki/Bcrypt\n[bcryptgs]: http://mail-index.netbsd.org/tech-crypto/2002/05/24/msg000204.html\n[codahale]: http://codahale.com/how-to-safely-store-a-password/\n[gh13]: https://github.com/ncb000gt/node.bcrypt.js/issues/13\n[jtr]: http://www.openwall.com/lists/oss-security/2011/06/20/2\n\n[shadowfiend]:https://github.com/Shadowfiend\n[thegoleffect]:https://github.com/thegoleffect\n[pixelglow]:https://github.com/pixelglow\n[dtrejo]:https://github.com/dtrejo\n[alfredwesterveld]:https://github.com/alfredwesterveld\n[newitfarmer]:https://github.com/newitfarmer\n[zooko]:https://twitter.com/zooko\n[vincentr]:https://twitter.com/vincentcr\n[lloyd]:https://github.com/lloyd\n[shtylman]:https://github.com/shtylman\n[vadimg]:https://github.com/vadimg\n[bnoordhuis]:https://github.com/bnoordhuis\n[tootallnate]:https://github.com/tootallnate\n[seanmonstar]:https://github.com/seanmonstar\n[weareu]:https://github.com/weareu\n',
36 silly resolved     readmeFilename: 'README.md',
36 silly resolved     homepage: 'https://github.com/ncb000gt/node.bcrypt.js',
36 silly resolved     _id: 'bcrypt@0.7.7',
36 silly resolved     _from: 'bcrypt@' } ]
37 info install bcrypt@0.7.7 into /Users/clayton/Documents/Git/APGrader
38 info installOne bcrypt@0.7.7
39 info /Users/clayton/Documents/Git/APGrader/node_modules/bcrypt unbuild
40 verbose tar unpack /Users/clayton/.npm/bcrypt/0.7.7/package.tgz
41 silly lockFile 7ed88c6f-Git-APGrader-node-modules-bcrypt tar:///Users/clayton/Documents/Git/APGrader/node_modules/bcrypt
42 verbose lock tar:///Users/clayton/Documents/Git/APGrader/node_modules/bcrypt /Users/clayton/.npm/7ed88c6f-Git-APGrader-node-modules-bcrypt.lock
43 silly lockFile 915ed0d4-ton-npm-bcrypt-0-7-7-package-tgz tar:///Users/clayton/.npm/bcrypt/0.7.7/package.tgz
44 verbose lock tar:///Users/clayton/.npm/bcrypt/0.7.7/package.tgz /Users/clayton/.npm/915ed0d4-ton-npm-bcrypt-0-7-7-package-tgz.lock
45 silly gunzTarPerm modes [ '755', '644' ]
46 silly gunzTarPerm extractEntry package.json
47 silly gunzTarPerm extractEntry .npmignore
48 silly gunzTarPerm extractEntry README.md
49 silly gunzTarPerm extractEntry LICENSE
50 silly gunzTarPerm extractEntry bcrypt.js
51 silly gunzTarPerm extractEntry Makefile
52 silly gunzTarPerm extractEntry .travis.yml
53 silly gunzTarPerm extractEntry binding.gyp
54 silly gunzTarPerm extractEntry examples/async_compare.js
55 silly gunzTarPerm extractEntry examples/forever_gen_salt.js
56 silly gunzTarPerm extractEntry CHANGELOG
57 silly gunzTarPerm extractEntry src/bcrypt.cc
58 silly gunzTarPerm extractEntry src/bcrypt_node.cc
59 silly gunzTarPerm extractEntry src/blowfish.cc
60 silly gunzTarPerm extractEntry src/node_blf.h
61 silly gunzTarPerm extractEntry test/async.js
62 silly gunzTarPerm extractEntry test/deprecated.js
63 silly gunzTarPerm extractEntry test/repetitions.js
64 silly gunzTarPerm extractEntry test/sync.js
65 silly gunzTarPerm extractEntry wscript
66 silly lockFile 7ed88c6f-Git-APGrader-node-modules-bcrypt tar:///Users/clayton/Documents/Git/APGrader/node_modules/bcrypt
67 silly lockFile 7ed88c6f-Git-APGrader-node-modules-bcrypt tar:///Users/clayton/Documents/Git/APGrader/node_modules/bcrypt
68 silly lockFile 915ed0d4-ton-npm-bcrypt-0-7-7-package-tgz tar:///Users/clayton/.npm/bcrypt/0.7.7/package.tgz
69 silly lockFile 915ed0d4-ton-npm-bcrypt-0-7-7-package-tgz tar:///Users/clayton/.npm/bcrypt/0.7.7/package.tgz
70 info preinstall bcrypt@0.7.7
71 verbose readDependencies using package.json deps
72 verbose readDependencies using package.json deps
73 verbose cache add [ 'bindings@1.0.0', null ]
74 verbose cache add name=undefined spec="bindings@1.0.0" args=["bindings@1.0.0",null]
75 verbose parsed url { protocol: null,
75 verbose parsed url   slashes: null,
75 verbose parsed url   auth: null,
75 verbose parsed url   host: null,
75 verbose parsed url   port: null,
75 verbose parsed url   hostname: null,
75 verbose parsed url   hash: null,
75 verbose parsed url   search: null,
75 verbose parsed url   query: null,
75 verbose parsed url   pathname: 'bindings@1.0.0',
75 verbose parsed url   path: 'bindings@1.0.0',
75 verbose parsed url   href: 'bindings@1.0.0' }
76 verbose cache add name="bindings" spec="1.0.0" args=["bindings","1.0.0"]
77 verbose parsed url { protocol: null,
77 verbose parsed url   slashes: null,
77 verbose parsed url   auth: null,
77 verbose parsed url   host: null,
77 verbose parsed url   port: null,
77 verbose parsed url   hostname: null,
77 verbose parsed url   hash: null,
77 verbose parsed url   search: null,
77 verbose parsed url   query: null,
77 verbose parsed url   pathname: '1.0.0',
77 verbose parsed url   path: '1.0.0',
77 verbose parsed url   href: '1.0.0' }
78 verbose addNamed [ 'bindings', '1.0.0' ]
79 verbose addNamed [ '1.0.0', '1.0.0' ]
80 silly lockFile f01e5454-bindings-1-0-0 bindings@1.0.0
81 verbose lock bindings@1.0.0 /Users/clayton/.npm/f01e5454-bindings-1-0-0.lock
82 verbose url raw bindings/1.0.0
83 verbose url resolving [ 'https://registry.npmjs.org/', './bindings/1.0.0' ]
84 verbose url resolved https://registry.npmjs.org/bindings/1.0.0
85 info trying registry request attempt 1 at 20:05:27
86 verbose etag "9JE42VAHFT5TJU42KDNYJJ22Q"
87 http GET https://registry.npmjs.org/bindings/1.0.0
88 http 304 https://registry.npmjs.org/bindings/1.0.0
89 silly registry.get cb [ 304,
89 silly registry.get   { date: 'Tue, 18 Feb 2014 02:05:26 GMT',
89 silly registry.get     server: 'Apache',
89 silly registry.get     connection: 'Keep-Alive',
89 silly registry.get     'keep-alive': 'timeout=10, max=50',
89 silly registry.get     etag: '"9JE42VAHFT5TJU42KDNYJJ22Q"',
89 silly registry.get     'cache-control': 'max-age=1',
89 silly registry.get     vary: 'Accept' } ]
90 verbose etag bindings/1.0.0 from cache
91 silly lockFile f01e5454-bindings-1-0-0 bindings@1.0.0
92 silly lockFile f01e5454-bindings-1-0-0 bindings@1.0.0
93 silly resolved [ { name: 'bindings',
93 silly resolved     description: 'Helper module for loading your native module\'s .node file',
93 silly resolved     keywords: [ 'native', 'addon', 'bindings', 'gyp', 'waf', 'c', 'c++' ],
93 silly resolved     version: '1.0.0',
93 silly resolved     author:
93 silly resolved      { name: 'Nathan Rajlich',
93 silly resolved        email: 'nathan@tootallnate.net',
93 silly resolved        url: 'http://tootallnate.net' },
93 silly resolved     repository:
93 silly resolved      { type: 'git',
93 silly resolved        url: 'git://github.com/TooTallNate/node-bindings.git' },
93 silly resolved     main: './bindings.js',
93 silly resolved     readme: 'node-bindings\n=============\n### Helper module for loading your native module\'s .node file\n\nThis is a helper module for authors of Node.js native addon modules.\nIt is basically the "swiss army knife" of `require()`ing your native module\'s\n`.node` file.\n\nThroughout the course of Node\'s native addon history, addons have ended up being\ncompiled in a variety of different places, depending on which build tool and which\nversion of node was used. To make matters worse, now the _gyp_ build tool can\nproduce either a _Release_ or _Debug_ build, each being built into different\nlocations.\n\nThis module checks _all_ the possible locations that a native addon would be built\nat, and returns the first one that loads successfully.\n\n\nInstallation\n------------\n\nInstall with `npm`:\n\n``` bash\n$ npm install bindings\n```\n\nOr add it to the `"dependencies"` section of your _package.json_ file.\n\n\nExample\n-------\n\n`require()`ing the proper bindings file for the current node version, platform\nand architecture is as simple as:\n\n``` js\nvar bindings = require(\'bindings\')(\'binding.node\')\n\n// Use your bindings defined in your C files\nbindings.your_c_function()\n```\n\n\nNice Error Output\n-----------------\n\nWhen the `.node` file could not be loaded, `node-bindings` throws an Error with\na nice error message telling you exactly what was tried. You can also check the\n`err.tries` Array property.\n\n```\nError: Could not load the bindings file. Tried:\n → /Users/nrajlich/ref/build/binding.node\n → /Users/nrajlich/ref/build/Debug/binding.node\n → /Users/nrajlich/ref/build/Release/binding.node\n → /Users/nrajlich/ref/out/Debug/binding.node\n → /Users/nrajlich/ref/Debug/binding.node\n → /Users/nrajlich/ref/out/Release/binding.node\n → /Users/nrajlich/ref/Release/binding.node\n → /Users/nrajlich/ref/build/default/binding.node\n → /Users/nrajlich/ref/compiled/0.8.2/darwin/x64/binding.node\n    at bindings (/Users/nrajlich/ref/node_modules/bindings/bindings.js:84:13)\n    at Object.<anonymous> (/Users/nrajlich/ref/lib/ref.js:5:47)\n    at Module._compile (module.js:449:26)\n    at Object.Module._extensions..js (module.js:467:10)\n    at Module.load (module.js:356:32)\n    at Function.Module._load (module.js:312:12)\n    ...\n```\n\n\nLicense\n-------\n\n(The MIT License)\n\nCopyright (c) 2012 Nathan Rajlich &lt;nathan@tootallnate.net&gt;\n\nPermission is hereby granted, free of charge, to any person obtaining\na copy of this software and associated documentation files (the\n\'Software\'), to deal in the Software without restriction, including\nwithout limitation the rights to use, copy, modify, merge, publish,\ndistribute, sublicense, and/or sell copies of the Software, and to\npermit persons to whom the Software is furnished to do so, subject to\nthe following conditions:\n\nThe above copyright notice and this permission notice shall be\nincluded in all copies or substantial portions of the Software.\n\nTHE SOFTWARE IS PROVIDED \'AS IS\', WITHOUT WARRANTY OF ANY KIND,\nEXPRESS OR IMPLIED, INCLUDING BUT NOT LIMITED TO THE WARRANTIES OF\nMERCHANTABILITY, FITNESS FOR A PARTICULAR PURPOSE AND NONINFRINGEMENT.\nIN NO EVENT SHALL THE AUTHORS OR COPYRIGHT HOLDERS BE LIABLE FOR ANY\nCLAIM, DAMAGES OR OTHER LIABILITY, WHETHER IN AN ACTION OF CONTRACT,\nTORT OR OTHERWISE, ARISING FROM, OUT OF OR IN CONNECTION WITH THE\nSOFTWARE OR THE USE OR OTHER DEALINGS IN THE SOFTWARE.\n',
93 silly resolved     readmeFilename: 'README.md',
93 silly resolved     bugs: { url: 'https://github.com/TooTallNate/node-bindings/issues' },
93 silly resolved     homepage: 'https://github.com/TooTallNate/node-bindings',
93 silly resolved     _id: 'bindings@1.0.0',
93 silly resolved     _from: 'bindings@1.0.0' } ]
94 info install bindings@1.0.0 into /Users/clayton/Documents/Git/APGrader/node_modules/bcrypt
95 info installOne bindings@1.0.0
96 info /Users/clayton/Documents/Git/APGrader/node_modules/bcrypt/node_modules/bindings unbuild
97 verbose tar unpack /Users/clayton/.npm/bindings/1.0.0/package.tgz
98 silly lockFile 0d0e955e-les-bcrypt-node-modules-bindings tar:///Users/clayton/Documents/Git/APGrader/node_modules/bcrypt/node_modules/bindings
99 verbose lock tar:///Users/clayton/Documents/Git/APGrader/node_modules/bcrypt/node_modules/bindings /Users/clayton/.npm/0d0e955e-les-bcrypt-node-modules-bindings.lock
100 silly lockFile ffa79336-n-npm-bindings-1-0-0-package-tgz tar:///Users/clayton/.npm/bindings/1.0.0/package.tgz
101 verbose lock tar:///Users/clayton/.npm/bindings/1.0.0/package.tgz /Users/clayton/.npm/ffa79336-n-npm-bindings-1-0-0-package-tgz.lock
102 silly gunzTarPerm modes [ '755', '644' ]
103 silly gunzTarPerm extractEntry package.json
104 silly gunzTarPerm extractEntry README.md
105 silly gunzTarPerm extractEntry bindings.js
106 silly lockFile 0d0e955e-les-bcrypt-node-modules-bindings tar:///Users/clayton/Documents/Git/APGrader/node_modules/bcrypt/node_modules/bindings
107 silly lockFile 0d0e955e-les-bcrypt-node-modules-bindings tar:///Users/clayton/Documents/Git/APGrader/node_modules/bcrypt/node_modules/bindings
108 silly lockFile ffa79336-n-npm-bindings-1-0-0-package-tgz tar:///Users/clayton/.npm/bindings/1.0.0/package.tgz
109 silly lockFile ffa79336-n-npm-bindings-1-0-0-package-tgz tar:///Users/clayton/.npm/bindings/1.0.0/package.tgz
110 info preinstall bindings@1.0.0
111 verbose readDependencies using package.json deps
112 verbose readDependencies using package.json deps
113 silly resolved []
114 verbose about to build /Users/clayton/Documents/Git/APGrader/node_modules/bcrypt/node_modules/bindings
115 info build /Users/clayton/Documents/Git/APGrader/node_modules/bcrypt/node_modules/bindings
116 verbose linkStuff [ false,
116 verbose linkStuff   false,
116 verbose linkStuff   false,
116 verbose linkStuff   '/Users/clayton/Documents/Git/APGrader/node_modules/bcrypt/node_modules' ]
117 info linkStuff bindings@1.0.0
118 verbose linkBins bindings@1.0.0
119 verbose linkMans bindings@1.0.0
120 verbose rebuildBundles bindings@1.0.0
121 info install bindings@1.0.0
122 info postinstall bindings@1.0.0
123 verbose about to build /Users/clayton/Documents/Git/APGrader/node_modules/bcrypt
124 info build /Users/clayton/Documents/Git/APGrader/node_modules/bcrypt
125 verbose linkStuff [ false,
125 verbose linkStuff   false,
125 verbose linkStuff   false,
125 verbose linkStuff   '/Users/clayton/Documents/Git/APGrader/node_modules' ]
126 info linkStuff bcrypt@0.7.7
127 verbose linkBins bcrypt@0.7.7
128 verbose linkMans bcrypt@0.7.7
129 verbose rebuildBundles bcrypt@0.7.7
130 verbose rebuildBundles [ 'bindings' ]
131 info install bcrypt@0.7.7
132 verbose unsafe-perm in lifecycle true
133 info bcrypt@0.7.7 Failed to exec install script
134 info /Users/clayton/Documents/Git/APGrader/node_modules/bcrypt unbuild
135 info preuninstall bcrypt@0.7.7
136 info uninstall bcrypt@0.7.7
137 verbose true,/Users/clayton/Documents/Git/APGrader/node_modules,/Users/clayton/Documents/Git/APGrader/node_modules unbuild bcrypt@0.7.7
138 info postuninstall bcrypt@0.7.7
139 error bcrypt@0.7.7 install: `node-gyp rebuild`
139 error Exit status 1
140 error Failed at the bcrypt@0.7.7 install script.
140 error This is most likely a problem with the bcrypt package,
140 error not with npm itself.
140 error Tell the author that this fails on your system:
140 error     node-gyp rebuild
140 error You can get their info via:
140 error     npm owner ls bcrypt
140 error There is likely additional logging output above.
141 error System Darwin 13.0.2
142 error command "node" "/usr/local/bin/npm" "install" "--save" "bcrypt"
143 error cwd /Users/clayton/Documents/Git/APGrader
144 error node -v v0.10.23
145 error npm -v 1.3.17
146 error code ELIFECYCLE
147 verbose exit [ 1, true ]
